2024-10-21 11:51:57 INFO  Utils:112 - [TestNG] Running:
  C:\Users\chand\eclipse-workspace\OrangeHRMProject\groups.xml

2024-10-21 11:52:03 INFO  TC01_LoginTest:17 - $$Login startes$$
2024-10-21 11:52:03 INFO  TC01_LoginTest:19 - $$Entered the user name$$
2024-10-21 11:52:03 INFO  TC01_LoginTest:21 - $$Entered the password$$
2024-10-21 11:52:05 INFO  TC01_LoginTest:23 - $$loged in successfully  $$
2024-10-21 11:52:55 INFO  Utils:112 - [TestNG] Running:
  C:\Users\chand\eclipse-workspace\OrangeHRMProject\groups.xml

2024-10-21 11:53:00 INFO  TC01_LoginTest:17 - $$Login startes$$
2024-10-21 11:53:01 INFO  TC01_LoginTest:19 - $$Entered the user name$$
2024-10-21 11:53:01 INFO  TC01_LoginTest:21 - $$Entered the password$$
2024-10-21 11:53:01 INFO  TC01_LoginTest:23 - $$loged in successfully  $$
2024-10-21 11:53:05 INFO  TC02_ExpenseType_Test:15 - $$Login startes$$
2024-10-21 11:53:07 INFO  TC02_ExpenseType_Test:18 - $$Entered the user name$$
2024-10-21 11:53:09 INFO  TC02_ExpenseType_Test:21 - $$Entered the password$$
2024-10-21 11:53:11 INFO  TC02_ExpenseType_Test:24 - $$loged in successfully  $$
2024-10-21 11:53:13 INFO  TC02_ExpenseType_Test:27 - $$claim clicked successfully  $$
2024-10-21 11:53:13 INFO  TC02_ExpenseType_Test:29 - $$configuration clicked successfully  $$
2024-10-21 11:53:14 INFO  TC02_ExpenseType_Test:31 - $$expense clicked successfully  $$
2024-10-21 11:53:15 INFO  TC02_ExpenseType_Test:33 - $$Addexpense clicked successfully  $$
2024-10-21 11:53:15 INFO  TC02_ExpenseType_Test:36 - $$Entered the expense type name$$
2024-10-21 11:53:15 INFO  TC02_ExpenseType_Test:39 - $$Entered the expense description$$
2024-10-21 11:53:17 INFO  TC02_ExpenseType_Test:43 - $$save successfilly$$
2024-10-21 11:53:42 INFO  Utils:112 - [TestNG] Running:
  C:\Users\chand\eclipse-workspace\OrangeHRMProject\groups.xml

2024-10-21 11:53:47 INFO  TC01_LoginTest:17 - $$Login startes$$
2024-10-21 11:53:47 INFO  TC01_LoginTest:19 - $$Entered the user name$$
2024-10-21 11:53:47 INFO  TC01_LoginTest:21 - $$Entered the password$$
2024-10-21 11:53:48 INFO  TC01_LoginTest:23 - $$loged in successfully  $$
2024-10-21 11:53:52 INFO  TC02_ExpenseType_Test:15 - $$Login startes$$
2024-10-21 11:53:54 INFO  TC02_ExpenseType_Test:18 - $$Entered the user name$$
2024-10-21 11:53:57 INFO  TC02_ExpenseType_Test:21 - $$Entered the password$$
2024-10-21 11:53:59 INFO  TC02_ExpenseType_Test:24 - $$loged in successfully  $$
2024-10-21 11:54:00 INFO  TC02_ExpenseType_Test:27 - $$claim clicked successfully  $$
2024-10-21 11:54:00 INFO  TC02_ExpenseType_Test:29 - $$configuration clicked successfully  $$
2024-10-21 11:54:01 INFO  TC02_ExpenseType_Test:31 - $$expense clicked successfully  $$
2024-10-21 11:54:02 INFO  TC02_ExpenseType_Test:33 - $$Addexpense clicked successfully  $$
2024-10-21 11:54:02 INFO  TC02_ExpenseType_Test:36 - $$Entered the expense type name$$
2024-10-21 11:54:02 INFO  TC02_ExpenseType_Test:39 - $$Entered the expense description$$
2024-10-21 11:54:04 INFO  TC02_ExpenseType_Test:43 - $$save successfilly$$
2024-10-21 11:54:58 INFO  Utils:112 - [TestNG] Running:
  C:\Users\chand\eclipse-workspace\OrangeHRMProject\groups.xml

2024-10-21 11:55:02 INFO  TC01_LoginTest:17 - $$Login startes$$
2024-10-21 11:55:03 INFO  TC01_LoginTest:19 - $$Entered the user name$$
2024-10-21 11:55:03 INFO  TC01_LoginTest:21 - $$Entered the password$$
2024-10-21 11:55:04 INFO  TC01_LoginTest:23 - $$loged in successfully  $$
2024-10-21 11:55:08 INFO  TC02_ExpenseType_Test:15 - $$Login startes$$
2024-10-21 11:55:11 INFO  TC02_ExpenseType_Test:18 - $$Entered the user name$$
2024-10-21 11:55:13 INFO  TC02_ExpenseType_Test:21 - $$Entered the password$$
2024-10-21 11:55:15 INFO  TC02_ExpenseType_Test:24 - $$loged in successfully  $$
2024-10-21 11:55:16 INFO  TC02_ExpenseType_Test:27 - $$claim clicked successfully  $$
2024-10-21 11:55:16 INFO  TC02_ExpenseType_Test:29 - $$configuration clicked successfully  $$
2024-10-21 11:55:17 INFO  TC02_ExpenseType_Test:31 - $$expense clicked successfully  $$
2024-10-21 11:55:18 INFO  TC02_ExpenseType_Test:33 - $$Addexpense clicked successfully  $$
2024-10-21 11:55:18 INFO  TC02_ExpenseType_Test:36 - $$Entered the expense type name$$
2024-10-21 11:55:19 INFO  TC02_ExpenseType_Test:39 - $$Entered the expense description$$
2024-10-21 11:55:21 INFO  TC02_ExpenseType_Test:43 - $$save successfilly$$
2024-10-21 11:55:26 INFO  TC03_DDT_test:18 - &&Started_TC03_DDT_test    &&
2024-10-21 11:55:36 INFO  TC03_DDT_test:68 - &$ Finished _TC03_DDT_test    &&
2024-10-21 11:55:36 INFO  TC03_DDT_test:18 - &&Started_TC03_DDT_test    &&
2024-10-21 11:55:44 INFO  TC03_DDT_test:18 - &&Started_TC03_DDT_test    &&
2024-10-21 11:55:52 INFO  TC03_DDT_test:18 - &&Started_TC03_DDT_test    &&
2024-10-21 11:56:00 INFO  TC03_DDT_test:18 - &&Started_TC03_DDT_test    &&
2024-10-21 11:56:08 INFO  TC03_DDT_test:68 - &$ Finished _TC03_DDT_test    &&
2024-10-21 13:12:21 INFO  Utils:112 - [TestNG] Running:
  C:\Users\chand\eclipse-workspace\OrangeHRMProject\groups.xml

2024-10-21 13:12:27 INFO  TC01_LoginTest:17 - $$Login startes$$
2024-10-21 13:12:27 INFO  TC01_LoginTest:19 - $$Entered the user name$$
2024-10-21 13:12:27 INFO  TC01_LoginTest:21 - $$Entered the password$$
2024-10-21 13:12:28 INFO  TC01_LoginTest:23 - $$loged in successfully  $$
2024-10-21 13:12:35 INFO  TC02_ExpenseType_Test:15 - $$Login startes$$
2024-10-21 13:12:38 INFO  TC02_ExpenseType_Test:18 - $$Entered the user name$$
2024-10-21 13:12:40 INFO  TC02_ExpenseType_Test:21 - $$Entered the password$$
2024-10-21 13:12:43 INFO  TC02_ExpenseType_Test:24 - $$loged in successfully  $$
2024-10-21 13:12:44 INFO  TC02_ExpenseType_Test:27 - $$claim clicked successfully  $$
2024-10-21 13:12:45 INFO  TC02_ExpenseType_Test:29 - $$configuration clicked successfully  $$
2024-10-21 13:12:46 INFO  TC02_ExpenseType_Test:31 - $$expense clicked successfully  $$
2024-10-21 13:12:47 INFO  TC02_ExpenseType_Test:33 - $$Addexpense clicked successfully  $$
2024-10-21 13:12:47 INFO  TC02_ExpenseType_Test:36 - $$Entered the expense type name$$
2024-10-21 13:12:47 INFO  TC02_ExpenseType_Test:39 - $$Entered the expense description$$
2024-10-21 13:12:49 INFO  TC02_ExpenseType_Test:43 - $$save successfilly$$
2024-10-21 13:12:55 INFO  TC03_DDT_test:18 - &&Started_TC03_DDT_test    &&
2024-10-21 13:13:03 INFO  TC03_DDT_test:68 - &$ Finished _TC03_DDT_test    &&
2024-10-21 13:13:03 INFO  TC03_DDT_test:18 - &&Started_TC03_DDT_test    &&
2024-10-21 13:13:11 INFO  TC03_DDT_test:18 - &&Started_TC03_DDT_test    &&
2024-10-21 13:13:19 INFO  TC03_DDT_test:18 - &&Started_TC03_DDT_test    &&
2024-10-21 13:13:27 INFO  TC03_DDT_test:18 - &&Started_TC03_DDT_test    &&
2024-10-21 13:13:35 INFO  TC03_DDT_test:68 - &$ Finished _TC03_DDT_test    &&
2024-10-21 16:07:20 INFO  Utils:112 - [TestNG] Running:
  C:\Users\chand\eclipse-workspace\OrangeHRMProject\groups.xml

2024-10-21 16:23:43 INFO  Utils:112 - [TestNG] Running:
  C:\Users\chand\eclipse-workspace\OrangeHRMProject\groups.xml

2024-10-21 16:23:51 INFO  TC01_LoginTest:17 - $$Login startes$$
2024-10-21 16:23:51 INFO  TC01_LoginTest:19 - $$Entered the user name$$
2024-10-21 16:23:51 INFO  TC01_LoginTest:21 - $$Entered the password$$
2024-10-21 16:23:53 INFO  TC01_LoginTest:23 - $$loged in successfully  $$
2024-10-21 16:24:36 INFO  Utils:112 - [TestNG] Running:
  C:\Users\chand\eclipse-workspace\OrangeHRMProject\groups.xml

2024-10-21 16:24:59 INFO  Utils:112 - [TestNG] Running:
  C:\Users\chand\eclipse-workspace\OrangeHRMProject\groups.xml

2024-10-21 16:25:04 INFO  TC01_LoginTest:17 - $$Login startes$$
2024-10-21 16:25:04 INFO  TC01_LoginTest:19 - $$Entered the user name$$
2024-10-21 16:25:04 INFO  TC01_LoginTest:21 - $$Entered the password$$
2024-10-21 16:25:06 INFO  TC01_LoginTest:23 - $$loged in successfully  $$
2024-10-21 19:30:31 INFO  Utils:112 - [TestNG] Running:
  C:\Users\chand\eclipse-workspace\OrangeHRMProject\grid_docker.xml

2024-10-21 19:30:37 INFO  TC01_LoginTest:17 - $$Login startes$$
2024-10-21 19:30:38 INFO  TC01_LoginTest:19 - $$Entered the user name$$
2024-10-21 19:30:38 INFO  TC01_LoginTest:21 - $$Entered the password$$
2024-10-21 19:30:38 INFO  TC01_LoginTest:23 - $$loged in successfully  $$
2024-10-21 19:30:47 INFO  TC02_ExpenseType_Test:15 - $$Login startes$$
2024-10-21 19:30:51 INFO  TC02_ExpenseType_Test:18 - $$Entered the user name$$
2024-10-21 19:30:53 INFO  TC02_ExpenseType_Test:21 - $$Entered the password$$
2024-10-21 19:30:56 INFO  TC02_ExpenseType_Test:24 - $$loged in successfully  $$
2024-10-21 19:30:57 INFO  TC02_ExpenseType_Test:27 - $$claim clicked successfully  $$
2024-10-21 19:30:58 INFO  TC02_ExpenseType_Test:29 - $$configuration clicked successfully  $$
2024-10-21 19:30:58 INFO  TC02_ExpenseType_Test:31 - $$expense clicked successfully  $$
2024-10-21 19:31:00 INFO  TC02_ExpenseType_Test:33 - $$Addexpense clicked successfully  $$
2024-10-21 19:31:00 INFO  TC02_ExpenseType_Test:36 - $$Entered the expense type name$$
2024-10-21 19:31:00 INFO  TC02_ExpenseType_Test:39 - $$Entered the expense description$$
2024-10-21 19:31:02 INFO  TC02_ExpenseType_Test:43 - $$save successfilly$$
2024-10-21 19:31:36 INFO  Utils:112 - [TestNG] Running:
  C:\Users\chand\eclipse-workspace\OrangeHRMProject\grid_docker.xml

2024-10-21 19:31:42 INFO  TC01_LoginTest:17 - $$Login startes$$
2024-10-21 19:31:43 INFO  TC01_LoginTest:19 - $$Entered the user name$$
2024-10-21 19:31:43 INFO  TC01_LoginTest:21 - $$Entered the password$$
2024-10-21 19:31:44 INFO  TC01_LoginTest:23 - $$loged in successfully  $$
2024-10-21 19:31:52 INFO  TC02_ExpenseType_Test:15 - $$Login startes$$
2024-10-21 19:31:55 INFO  TC02_ExpenseType_Test:18 - $$Entered the user name$$
2024-10-21 19:31:57 INFO  TC02_ExpenseType_Test:21 - $$Entered the password$$
2024-10-21 19:32:00 INFO  TC02_ExpenseType_Test:24 - $$loged in successfully  $$
2024-10-21 19:32:01 INFO  TC02_ExpenseType_Test:27 - $$claim clicked successfully  $$
2024-10-21 19:32:02 INFO  TC02_ExpenseType_Test:29 - $$configuration clicked successfully  $$
2024-10-21 19:32:02 INFO  TC02_ExpenseType_Test:31 - $$expense clicked successfully  $$
2024-10-21 19:32:04 INFO  TC02_ExpenseType_Test:33 - $$Addexpense clicked successfully  $$
2024-10-21 19:32:05 INFO  TC02_ExpenseType_Test:36 - $$Entered the expense type name$$
2024-10-21 19:32:05 INFO  TC02_ExpenseType_Test:39 - $$Entered the expense description$$
2024-10-21 19:32:07 INFO  TC02_ExpenseType_Test:43 - $$save successfilly$$
2024-10-21 19:46:18 INFO  Utils:112 - [TestNG] Running:
  C:\Users\chand\eclipse-workspace\OrangeHRMProject\groups.xml

2024-10-21 19:46:24 INFO  TC01_LoginTest:17 - $$Login startes$$
2024-10-21 19:46:25 INFO  TC01_LoginTest:19 - $$Entered the user name$$
2024-10-21 19:46:25 INFO  TC01_LoginTest:21 - $$Entered the password$$
2024-10-21 19:46:26 INFO  TC01_LoginTest:23 - $$loged in successfully  $$
2024-10-21 20:56:56 INFO  TC03_DDT_test:18 - &&Started_TC03_DDT_test    &&
2024-10-21 20:57:04 INFO  TC03_DDT_test:68 - &$ Finished _TC03_DDT_test    &&
2024-10-21 20:57:04 INFO  TC03_DDT_test:18 - &&Started_TC03_DDT_test    &&
2024-10-21 20:57:13 INFO  TC03_DDT_test:18 - &&Started_TC03_DDT_test    &&
2024-10-21 20:57:21 INFO  TC03_DDT_test:18 - &&Started_TC03_DDT_test    &&
2024-10-21 20:57:29 INFO  TC03_DDT_test:18 - &&Started_TC03_DDT_test    &&
2024-10-21 20:57:37 INFO  TC03_DDT_test:68 - &$ Finished _TC03_DDT_test    &&
2024-10-21 20:59:11 INFO  TC01_LoginTest:17 - $$Login startes$$
2024-10-21 20:59:12 INFO  TC01_LoginTest:19 - $$Entered the user name$$
2024-10-21 20:59:12 INFO  TC01_LoginTest:21 - $$Entered the password$$
2024-10-21 20:59:13 INFO  TC01_LoginTest:23 - $$loged in successfully  $$
2024-10-21 20:59:17 INFO  TC02_ExpenseType_Test:15 - $$Login startes$$
2024-10-21 20:59:20 INFO  TC02_ExpenseType_Test:18 - $$Entered the user name$$
2024-10-21 20:59:22 INFO  TC02_ExpenseType_Test:21 - $$Entered the password$$
2024-10-21 20:59:24 INFO  TC02_ExpenseType_Test:24 - $$loged in successfully  $$
2024-10-21 20:59:25 INFO  TC02_ExpenseType_Test:27 - $$claim clicked successfully  $$
2024-10-21 20:59:25 INFO  TC02_ExpenseType_Test:29 - $$configuration clicked successfully  $$
2024-10-21 20:59:26 INFO  TC02_ExpenseType_Test:31 - $$expense clicked successfully  $$
2024-10-21 20:59:27 INFO  TC02_ExpenseType_Test:33 - $$Addexpense clicked successfully  $$
2024-10-21 20:59:28 INFO  TC02_ExpenseType_Test:36 - $$Entered the expense type name$$
2024-10-21 20:59:28 INFO  TC02_ExpenseType_Test:39 - $$Entered the expense description$$
2024-10-21 20:59:30 INFO  TC02_ExpenseType_Test:43 - $$save successfilly$$
2024-10-21 21:24:15 INFO  TC01_LoginTest:17 - $$Login startes$$
2024-10-21 21:24:16 INFO  TC01_LoginTest:19 - $$Entered the user name$$
2024-10-21 21:24:16 INFO  TC01_LoginTest:21 - $$Entered the password$$
2024-10-21 21:24:17 INFO  TC01_LoginTest:23 - $$loged in successfully  $$
2024-10-21 21:24:21 INFO  TC02_ExpenseType_Test:15 - $$Login startes$$
2024-10-21 21:24:24 INFO  TC02_ExpenseType_Test:18 - $$Entered the user name$$
2024-10-21 21:24:26 INFO  TC02_ExpenseType_Test:21 - $$Entered the password$$
2024-10-21 21:24:28 INFO  TC02_ExpenseType_Test:24 - $$loged in successfully  $$
2024-10-21 21:24:29 INFO  TC02_ExpenseType_Test:27 - $$claim clicked successfully  $$
2024-10-21 21:24:29 INFO  TC02_ExpenseType_Test:29 - $$configuration clicked successfully  $$
2024-10-21 21:24:29 INFO  TC02_ExpenseType_Test:31 - $$expense clicked successfully  $$
2024-10-21 21:24:30 INFO  TC02_ExpenseType_Test:33 - $$Addexpense clicked successfully  $$
2024-10-21 21:24:31 INFO  TC02_ExpenseType_Test:36 - $$Entered the expense type name$$
2024-10-21 21:24:31 INFO  TC02_ExpenseType_Test:39 - $$Entered the expense description$$
2024-10-21 21:24:33 INFO  TC02_ExpenseType_Test:43 - $$save successfilly$$
2024-10-21 21:30:41 INFO  TC01_LoginTest:17 - $$Login startes$$
2024-10-21 21:30:41 INFO  TC01_LoginTest:19 - $$Entered the user name$$
2024-10-21 21:30:41 INFO  TC01_LoginTest:21 - $$Entered the password$$
2024-10-21 21:30:43 INFO  TC01_LoginTest:23 - $$loged in successfully  $$
2024-10-21 21:30:46 INFO  TC02_ExpenseType_Test:15 - $$Login startes$$
2024-10-21 21:30:49 INFO  TC02_ExpenseType_Test:18 - $$Entered the user name$$
2024-10-21 21:30:51 INFO  TC02_ExpenseType_Test:21 - $$Entered the password$$
2024-10-21 21:30:53 INFO  TC02_ExpenseType_Test:24 - $$loged in successfully  $$
2024-10-21 21:30:54 INFO  TC02_ExpenseType_Test:27 - $$claim clicked successfully  $$
2024-10-21 21:30:54 INFO  TC02_ExpenseType_Test:29 - $$configuration clicked successfully  $$
2024-10-21 21:30:55 INFO  TC02_ExpenseType_Test:31 - $$expense clicked successfully  $$
2024-10-21 21:30:56 INFO  TC02_ExpenseType_Test:33 - $$Addexpense clicked successfully  $$
2024-10-21 21:30:56 INFO  TC02_ExpenseType_Test:36 - $$Entered the expense type name$$
2024-10-21 21:30:56 INFO  TC02_ExpenseType_Test:39 - $$Entered the expense description$$
2024-10-21 21:30:58 INFO  TC02_ExpenseType_Test:43 - $$save successfilly$$
